#include "Public/ARPABETPhone_AA.h"
#include "Public/ARPABETPhone_AE.h"
#include "Public/ARPABETPhone_AH.h"
#include "Public/ARPABETPhone_AO.h"
#include "Public/ARPABETPhone_AW.h"
#include "Public/ARPABETPhone_AX.h"
#include "Public/ARPABETPhone_AY.h"
#include "Public/ARPABETPhone_B.h"
#include "Public/ARPABETPhone_CH.h"
#include "Public/ARPABETPhone_D.h"
#include "Public/ARPABETPhone_DH.h"
#include "Public/ARPABETPhone_DX.h"
#include "Public/ARPABETPhone_EH.h"
#include "Public/ARPABETPhone_EL.h"
#include "Public/ARPABETPhone_EM.h"
#include "Public/ARPABETPhone_EN.h"
#include "Public/ARPABETPhone_ER.h"
#include "Public/ARPABETPhone_EY.h"
#include "Public/ARPABETPhone_F.h"
#include "Public/ARPABETPhone_G.h"
#include "Public/ARPABETPhone_HH.h"
#include "Public/ARPABETPhone_IH.h"
#include "Public/ARPABETPhone_IX.h"
#include "Public/ARPABETPhone_IY.h"
#include "Public/ARPABETPhone_JH.h"
#include "Public/ARPABETPhone_K.h"
#include "Public/ARPABETPhone_L.h"
#include "Public/ARPABETPhone_M.h"
#include "Public/ARPABETPhone_N.h"
#include "Public/ARPABETPhone_NG.h"
#include "Public/ARPABETPhone_NX.h"
#include "Public/ARPABETPhone_OW.h"
#include "Public/ARPABETPhone_OY.h"
#include "Public/ARPABETPhone_P.h"
#include "Public/ARPABETPhone_Q.h"
#include "Public/ARPABETPhone_R.h"
#include "Public/ARPABETPhone_S.h"
#include "Public/ARPABETPhone_SH.h"
#include "Public/ARPABETPhone_T.h"
#include "Public/ARPABETPhone_TH.h"
#include "Public/ARPABETPhone_UH.h"
#include "Public/ARPABETPhone_UW.h"
#include "Public/ARPABETPhone_V.h"
#include "Public/ARPABETPhone_W.h"
#include "Public/ARPABETPhone_WH.h"
#include "Public/ARPABETPhone_Y.h"
#include "Public/ARPABETPhone_Z.h"
#include "Public/ARPABETPhone_ZH.h"
